  C_CriticalSection.cpp
  C_State.cpp
  Global.cpp
D:\Project\myIOCP (2)\myIOCP\Global.cpp(15,9): warning C4477: 'printf' : 서식 문자열 '%s'에 'char *' 형식의 인수가 필요하지만 variadic 인수 1의 형식이 'LPCWSTR'입니다.
D:\Project\myIOCP (2)\myIOCP\Global.cpp(15,9): message : 서식 문자열에서 '%ls'을(를) 사용하는 것이 좋습니다.
D:\Project\myIOCP (2)\myIOCP\Global.cpp(15,9): message : 서식 문자열에서 '%lls'을(를) 사용하는 것이 좋습니다.
D:\Project\myIOCP (2)\myIOCP\Global.cpp(15,9): message : 서식 문자열에서 '%Ls'을(를) 사용하는 것이 좋습니다.
D:\Project\myIOCP (2)\myIOCP\Global.cpp(15,9): message : 서식 문자열에서 '%ws'을(를) 사용하는 것이 좋습니다.
D:\Project\myIOCP (2)\myIOCP\Global.cpp(15,9): warning C4477: 'printf' : 서식 문자열 '%s'에 'char *' 형식의 인수가 필요하지만 variadic 인수 2의 형식이 'TCHAR *'입니다.
D:\Project\myIOCP (2)\myIOCP\Global.cpp(15,9): message : 서식 문자열에서 '%ls'을(를) 사용하는 것이 좋습니다.
D:\Project\myIOCP (2)\myIOCP\Global.cpp(15,9): message : 서식 문자열에서 '%lls'을(를) 사용하는 것이 좋습니다.
D:\Project\myIOCP (2)\myIOCP\Global.cpp(15,9): message : 서식 문자열에서 '%Ls'을(를) 사용하는 것이 좋습니다.
D:\Project\myIOCP (2)\myIOCP\Global.cpp(15,9): message : 서식 문자열에서 '%ws'을(를) 사용하는 것이 좋습니다.
  IOCP.cpp
D:\Project\myIOCP (2)\myIOCP\IOCP.cpp(91,7): warning C4101: 'result' :참조되지 않은 지역 변수입니다.
  main.cpp
  M_DataBase.cpp
  M_LogFile.cpp
  M_main.cpp
  M_Protocol.cpp
D:\Project\myIOCP (2)\myIOCP\M_Protocol.cpp(25,23): warning C4018: '<': signed 또는 unsigned가 일치하지 않습니다.
  M_Sector.cpp
  Packet.cpp
  M_Session.cpp
  Sector.cpp
  Session.cpp
  Socket.cpp
D:\Project\myIOCP (2)\myIOCP\Socket.cpp(44,9): warning C4244: 'return': 'SOCKET'에서 'int'(으)로 변환하면서 데이터가 손실될 수 있습니다.
  코드를 생성하고 있습니다...
D:\Project\myIOCP (2)\myIOCP\M_main.cpp(17): warning C4715: 'Manager_main::initMain': 모든 제어 경로에서 값을 반환하지는 않습니다.
D:\Project\myIOCP (2)\myIOCP\M_main.cpp(104): warning C4715: 'Manager_main::v_send': 모든 제어 경로에서 값을 반환하지는 않습니다.
D:\Project\myIOCP (2)\myIOCP\IOCP.cpp(28): warning C4715: 'IOCP::initIOCP': 모든 제어 경로에서 값을 반환하지는 않습니다.
  M_LogJoin.cpp
D:\Project\myIOCP (2)\myIOCP\M_LogJoin.cpp(101,30): warning C4267: '초기화 중': 'size_t'에서 'int'(으)로 변환하면서 데이터가 손실될 수 있습니다.
  myIOCP.vcxproj -> D:\Project\myIOCP (2)\x64\Debug\myIOCP.exe
