Using pre-set license
Built from '2021.3/staging' branch; Version is '2021.3.8f1 (b30333d56e81) revision 11731763'; Using compiler version '192829333'; Build Type 'Release'
OS: 'Windows 11  (10.0.22000) 64bit Core' Language: 'ko' Physical Memory: 15629 MB
BatchMode: 1, IsHumanControllingUs: 0, StartBugReporterOnCrash: 0, Is64bit: 1, IsPro: 1

COMMAND LINE ARGUMENTS:
C:\Program Files\Unity\Hub\Editor\2021.3.8f1\Editor\Unity.exe
-adb2
-batchMode
-noUpm
-name
AssetImportWorker3
-projectPath
D:/project/LoLMap
-logFile
Logs/AssetImportWorker3.log
-srvPort
7773
Successfully changed project path to: D:/project/LoLMap
D:/project/LoLMap
[UnityMemory] Configuration Parameters - Can be set up in boot.config
    "memorysetup-bucket-allocator-granularity=16"
    "memorysetup-bucket-allocator-bucket-count=8"
    "memorysetup-bucket-allocator-block-size=33554432"
    "memorysetup-bucket-allocator-block-count=8"
    "memorysetup-main-allocator-block-size=16777216"
    "memorysetup-thread-allocator-block-size=16777216"
    "memorysetup-gfx-main-allocator-block-size=16777216"
    "memorysetup-gfx-thread-allocator-block-size=16777216"
    "memorysetup-cache-allocator-block-size=4194304"
    "memorysetup-typetree-allocator-block-size=2097152"
    "memorysetup-profiler-bucket-allocator-granularity=16"
    "memorysetup-profiler-bucket-allocator-bucket-count=8"
    "memorysetup-profiler-bucket-allocator-block-size=33554432"
    "memorysetup-profiler-bucket-allocator-block-count=8"
    "memorysetup-profiler-allocator-block-size=16777216"
    "memorysetup-profiler-editor-allocator-block-size=1048576"
    "memorysetup-temp-allocator-size-main=16777216"
    "memorysetup-job-temp-allocator-block-size=2097152"
    "memorysetup-job-temp-allocator-block-size-background=1048576"
    "memorysetup-job-temp-allocator-reduction-small-platforms=262144"
    "memorysetup-temp-allocator-size-background-worker=32768"
    "memorysetup-temp-allocator-size-job-worker=262144"
    "memorysetup-temp-allocator-size-preload-manager=33554432"
    "memorysetup-temp-allocator-size-nav-mesh-worker=65536"
    "memorysetup-temp-allocator-size-audio-worker=65536"
    "memorysetup-temp-allocator-size-cloud-worker=32768"
    "memorysetup-temp-allocator-size-gi-baking-worker=262144"
    "memorysetup-temp-allocator-size-gfx=262144"
Refreshing native plugins compatible for Editor in 71.24 ms, found 3 plugins.
Preloading 0 native plugins for Editor in 0.00 ms.
Initialize engine version: 2021.3.8f1 (b30333d56e81)
[Subsystems] Discovering subsystems at path C:/Program Files/Unity/Hub/Editor/2021.3.8f1/Editor/Data/Resources/UnitySubsystems
[Subsystems] Discovering subsystems at path D:/project/LoLMap/Assets
GfxDevice: creating device client; threaded=0; jobified=0
Direct3D:
    Version:  Direct3D 11.0 [level 11.1]
    Renderer: NVIDIA GeForce RTX 3070 Ti Laptop GPU (ID=0x24a0)
    Vendor:   NVIDIA
    VRAM:     8043 MB
    Driver:   30.0.15.1278
Initialize mono
Mono path[0] = 'C:/Program Files/Unity/Hub/Editor/2021.3.8f1/Editor/Data/Managed'
Mono path[1] = 'C:/Program Files/Unity/Hub/Editor/2021.3.8f1/Editor/Data/MonoBleedingEdge/lib/mono/unityjit-win32'
Mono config path = 'C:/Program Files/Unity/Hub/Editor/2021.3.8f1/Editor/Data/MonoBleedingEdge/etc'
Using monoOptions --debugger-agent=transport=dt_socket,embedding=1,server=y,suspend=n,address=127.0.0.1:56904
Begin MonoManager ReloadAssembly
Registering precompiled unity dll's ...
Register platform support module: C:/Program Files/Unity/Hub/Editor/2021.3.8f1/Editor/Data/PlaybackEngines/WindowsStandaloneSupport/UnityEditor.WindowsStandalone.Extensions.dll
Registered in 0.007958 seconds.
Native extension for WindowsStandalone target not found
Refreshing native plugins compatible for Editor in 72.74 ms, found 3 plugins.
Preloading 0 native plugins for Editor in 0.00 ms.
Mono: successfully reloaded assembly
- Completed reload, in  0.705 seconds
Domain Reload Profiling:
	ReloadAssembly (705ms)
		BeginReloadAssembly (75ms)
			ExecutionOrderSort (0ms)
			DisableScriptedObjects (0ms)
			BackupInstance (0ms)
			ReleaseScriptingObjects (0ms)
			CreateAndSetChildDomain (1ms)
		EndReloadAssembly (509ms)
			LoadAssemblies (73ms)
			RebuildTransferFunctionScriptingTraits (0ms)
			SetupTypeCache (116ms)
			ReleaseScriptCaches (0ms)
			RebuildScriptCaches (32ms)
			SetupLoadedEditorAssemblies (307ms)
				LogAssemblyErrors (0ms)
				InitializePlatformSupportModulesInManaged (8ms)
				SetLoadedEditorAssemblies (0ms)
				RefreshPlugins (73ms)
				BeforeProcessingInitializeOnLoad (1ms)
				ProcessInitializeOnLoadAttributes (156ms)
				ProcessInitializeOnLoadMethodAttributes (69ms)
				AfterProcessingInitializeOnLoad (0ms)
				EditorAssembliesLoaded (0ms)
			ExecutionOrderSort2 (0ms)
			AwakeInstancesAfterBackupRestoration (0ms)
Platform modules already initialized, skipping
Registering precompiled user dll's ...
Registered in 0.003051 seconds.
Begin MonoManager ReloadAssembly
Symbol file LoadedFromMemory doesn't match image D:\project\LoLMap\Library\PackageCache\com.unity.visualscripting@1.7.8\Editor\VisualScripting.Core\Dependencies\YamlDotNet\Unity.VisualScripting.YamlDotNet.dll
Symbol file LoadedFromMemory doesn't match image D:\project\LoLMap\Library\PackageCache\com.unity.visualscripting@1.7.8\Editor\VisualScripting.Core\Dependencies\DotNetZip\Unity.VisualScripting.IonicZip.dll
Native extension for WindowsStandalone target not found
Refreshing native plugins compatible for Editor in 0.94 ms, found 3 plugins.
Preloading 0 native plugins for Editor in 0.00 ms.
Mono: successfully reloaded assembly
- Completed reload, in  1.446 seconds
Domain Reload Profiling:
	ReloadAssembly (1448ms)
		BeginReloadAssembly (135ms)
			ExecutionOrderSort (0ms)
			DisableScriptedObjects (6ms)
			BackupInstance (0ms)
			ReleaseScriptingObjects (0ms)
			CreateAndSetChildDomain (31ms)
		EndReloadAssembly (1192ms)
			LoadAssemblies (95ms)
			RebuildTransferFunctionScriptingTraits (0ms)
			SetupTypeCache (321ms)
			ReleaseScriptCaches (2ms)
			RebuildScriptCaches (83ms)
			SetupLoadedEditorAssemblies (614ms)
				LogAssemblyErrors (0ms)
				InitializePlatformSupportModulesInManaged (13ms)
				SetLoadedEditorAssemblies (1ms)
				RefreshPlugins (1ms)
				BeforeProcessingInitializeOnLoad (126ms)
				ProcessInitializeOnLoadAttributes (421ms)
				ProcessInitializeOnLoadMethodAttributes (46ms)
				AfterProcessingInitializeOnLoad (6ms)
				EditorAssembliesLoaded (0ms)
			ExecutionOrderSort2 (0ms)
			AwakeInstancesAfterBackupRestoration (6ms)
Platform modules already initialized, skipping
========================================================================
Worker process is ready to serve import requests
Launched and connected shader compiler UnityShaderCompiler.exe after 0.06 seconds
Refreshing native plugins compatible for Editor in 0.82 ms, found 3 plugins.
Preloading 0 native plugins for Editor in 0.00 ms.
Unloading 3377 Unused Serialized files (Serialized files now loaded: 0)
Unloading 25 unused Assets / (55.6 KB). Loaded Objects now: 3836.
Memory consumption went from 116.0 MB to 115.9 MB.
Total: 6.405900 ms (FindLiveObjects: 0.546100 ms CreateObjectMapping: 0.285700 ms MarkObjects: 5.285900 ms  DeleteObjects: 0.286100 ms)

AssetImportParameters requested are different than current active one (requested -> active):
  custom:video-decoder-ogg-theora: a1e56fd34408186e4bbccfd4996cb3dc -> 
  custom:container-muxer-webm: aa71ff27fc2769a1b78a27578f13a17b -> 
  custom:container-demuxer-webm: 4f35f7cbe854078d1ac9338744f61a02 -> 
  custom:video-encoder-webm-vp8: eb34c28f22e8b96e1ab97ce403110664 -> 
  custom:audio-encoder-webm-vorbis: bf7c407c2cedff20999df2af8eb42d56 -> 
  custom:framework-win-MediaFoundation: 216162199b28c13a410421893ffa2e32 -> 
  custom:container-demuxer-ogg: 62fdf1f143b41e24485cea50d1cbac27 -> 
  custom:video-decoder-webm-vp8: 9c59270c3fd7afecdb556c50c9e8de78 -> 
  custom:audio-decoder-ogg-vorbis: bf7c407c2cedff20999df2af8eb42d56 -> 
========================================================================
Received Import Request.
  Time since last request: 91515.777932 seconds.
  path: Assets/Image/grnd_terrain_u.png
  artifactKey: Guid(3032167f371b6684a812b50d67d95bb8) Importer(815301076,1909f56bfc062723c751e8b465ee728b)
Start importing Assets/Image/grnd_terrain_u.png using Guid(3032167f371b6684a812b50d67d95bb8) Importer(815301076,1909f56bfc062723c751e8b465ee728b)  -> (artifact id: '54b47cc8b683a0ebb4e06ef95b188aff') in 0.112454 seconds 
========================================================================
Received Import Request.
  Time since last request: 0.000035 seconds.
  path: Assets/Image/grnd_terrain_b.png
  artifactKey: Guid(5d2b4aed9eef2414180aeed5007255bc) Importer(815301076,1909f56bfc062723c751e8b465ee728b)
Start importing Assets/Image/grnd_terrain_b.png using Guid(5d2b4aed9eef2414180aeed5007255bc) Importer(815301076,1909f56bfc062723c751e8b465ee728b)  -> (artifact id: 'a3b95a5d271db1482d9749acfb7e8fbd') in 0.025079 seconds 
========================================================================
Received Import Request.
  Time since last request: 0.000031 seconds.
  path: Assets/Image/grnd_terrain_m.png
  artifactKey: Guid(fe51f94c7a70dea43ae19cff863bf392) Importer(815301076,1909f56bfc062723c751e8b465ee728b)
Start importing Assets/Image/grnd_terrain_m.png using Guid(fe51f94c7a70dea43ae19cff863bf392) Importer(815301076,1909f56bfc062723c751e8b465ee728b)  -> (artifact id: '5b015f908622e68e21203e8cbbcf940c') in 0.023435 seconds 
========================================================================
Received Import Request.
  Time since last request: 0.000024 seconds.
  path: Assets/Image/mage_spawn_pad_b.png
  artifactKey: Guid(8c12ba2e4eccaea4ca3751fb9c04adbd) Importer(815301076,1909f56bfc062723c751e8b465ee728b)
Start importing Assets/Image/mage_spawn_pad_b.png using Guid(8c12ba2e4eccaea4ca3751fb9c04adbd) Importer(815301076,1909f56bfc062723c751e8b465ee728b)  -> (artifact id: 'c63d1ff0664dd1b8feaa261262c18305') in 0.421493 seconds 
========================================================================
Received Import Request.
  Time since last request: 0.000048 seconds.
  path: Assets/Image/grnd_terrain_f.png
  artifactKey: Guid(1ac7c8851df9f4a49a0674495ce38f14) Importer(815301076,1909f56bfc062723c751e8b465ee728b)
Start importing Assets/Image/grnd_terrain_f.png using Guid(1ac7c8851df9f4a49a0674495ce38f14) Importer(815301076,1909f56bfc062723c751e8b465ee728b)  -> (artifact id: '5256a20ca3f2dd46e1929141a0d6456b') in 0.023724 seconds 
========================================================================
Received Import Request.
  Time since last request: 0.000055 seconds.
  path: Assets/Image/grnd_terrain_n.png
  artifactKey: Guid(bceec0b8aae6c9a44ad9d2ad83c52b25) Importer(815301076,1909f56bfc062723c751e8b465ee728b)
Start importing Assets/Image/grnd_terrain_n.png using Guid(bceec0b8aae6c9a44ad9d2ad83c52b25) Importer(815301076,1909f56bfc062723c751e8b465ee728b)  -> (artifact id: '647e229516209fdd2d1083a0b496e089') in 0.024900 seconds 
========================================================================
Received Import Request.
  Time since last request: 0.000049 seconds.
  path: Assets/Image/grnd_terrain_h.png
  artifactKey: Guid(b86bb16275cf866468dabd1417ce177e) Importer(815301076,1909f56bfc062723c751e8b465ee728b)
Start importing Assets/Image/grnd_terrain_h.png using Guid(b86bb16275cf866468dabd1417ce177e) Importer(815301076,1909f56bfc062723c751e8b465ee728b)  -> (artifact id: '5c5e2bdfdf61105259bbfc0d1bffbeb3') in 0.020922 seconds 
========================================================================
Received Import Request.
  Time since last request: 0.000044 seconds.
  path: Assets/Image/grnd_terrain_d.png
  artifactKey: Guid(a25fcb42c36224f41b54e0e2cf240da8) Importer(815301076,1909f56bfc062723c751e8b465ee728b)
Start importing Assets/Image/grnd_terrain_d.png using Guid(a25fcb42c36224f41b54e0e2cf240da8) Importer(815301076,1909f56bfc062723c751e8b465ee728b)  -> (artifact id: '75a28c6ef8cf7c9b67eb8f3112f50225') in 0.026832 seconds 
========================================================================
Received Prepare
Registering precompiled user dll's ...
Registered in 0.003479 seconds.
Begin MonoManager ReloadAssembly
Symbol file LoadedFromMemory doesn't match image D:\project\LoLMap\Library\PackageCache\com.unity.visualscripting@1.7.8\Editor\VisualScripting.Core\Dependencies\YamlDotNet\Unity.VisualScripting.YamlDotNet.dll
Symbol file LoadedFromMemory doesn't match image D:\project\LoLMap\Library\PackageCache\com.unity.visualscripting@1.7.8\Editor\VisualScripting.Core\Dependencies\DotNetZip\Unity.VisualScripting.IonicZip.dll
Native extension for WindowsStandalone target not found
Refreshing native plugins compatible for Editor in 0.84 ms, found 3 plugins.
Preloading 0 native plugins for Editor in 0.00 ms.
Mono: successfully reloaded assembly
- Completed reload, in  1.335 seconds
Domain Reload Profiling:
	ReloadAssembly (1336ms)
		BeginReloadAssembly (181ms)
			ExecutionOrderSort (0ms)
			DisableScriptedObjects (6ms)
			BackupInstance (0ms)
			ReleaseScriptingObjects (0ms)
			CreateAndSetChildDomain (62ms)
		EndReloadAssembly (1039ms)
			LoadAssemblies (109ms)
			RebuildTransferFunctionScriptingTraits (0ms)
			SetupTypeCache (365ms)
			ReleaseScriptCaches (2ms)
			RebuildScriptCaches (65ms)
			SetupLoadedEditorAssemblies (443ms)
				LogAssemblyErrors (0ms)
				InitializePlatformSupportModulesInManaged (18ms)
				SetLoadedEditorAssemblies (0ms)
				RefreshPlugins (1ms)
				BeforeProcessingInitializeOnLoad (72ms)
				ProcessInitializeOnLoadAttributes (299ms)
				ProcessInitializeOnLoadMethodAttributes (45ms)
				AfterProcessingInitializeOnLoad (7ms)
				EditorAssembliesLoaded (0ms)
			ExecutionOrderSort2 (0ms)
			AwakeInstancesAfterBackupRestoration (7ms)
Platform modules already initialized, skipping
Refreshing native plugins compatible for Editor in 1.95 ms, found 3 plugins.
Preloading 0 native plugins for Editor in 0.00 ms.
Unloading 3374 Unused Serialized files (Serialized files now loaded: 0)
Unloading 18 unused Assets / (24.6 KB). Loaded Objects now: 3850.
Memory consumption went from 120.2 MB to 120.1 MB.
Total: 4.022400 ms (FindLiveObjects: 0.368000 ms CreateObjectMapping: 0.141500 ms MarkObjects: 3.477300 ms  DeleteObjects: 0.033900 ms)

AssetImportParameters requested are different than current active one (requested -> active):
  custom:video-decoder-ogg-theora: a1e56fd34408186e4bbccfd4996cb3dc -> 
  custom:container-muxer-webm: aa71ff27fc2769a1b78a27578f13a17b -> 
  custom:container-demuxer-webm: 4f35f7cbe854078d1ac9338744f61a02 -> 
  custom:video-encoder-webm-vp8: eb34c28f22e8b96e1ab97ce403110664 -> 
  custom:audio-encoder-webm-vorbis: bf7c407c2cedff20999df2af8eb42d56 -> 
  custom:framework-win-MediaFoundation: 216162199b28c13a410421893ffa2e32 -> 
  custom:container-demuxer-ogg: 62fdf1f143b41e24485cea50d1cbac27 -> 
  custom:video-decoder-webm-vp8: 9c59270c3fd7afecdb556c50c9e8de78 -> 
  custom:audio-decoder-ogg-vorbis: bf7c407c2cedff20999df2af8eb42d56 -> 
========================================================================
Received Import Request.
  Time since last request: 608.371966 seconds.
  path: Assets/model/baseori.mat
  artifactKey: Guid(5b6c3164dbb49404ab7e72abec4dd4d9) Importer(815301076,1909f56bfc062723c751e8b465ee728b)
Start importing Assets/model/baseori.mat using Guid(5b6c3164dbb49404ab7e72abec4dd4d9) Importer(815301076,1909f56bfc062723c751e8b465ee728b)  -> (artifact id: '1a2b41cd63d8bd29bd9c047ce8fdce93') in 0.420862 seconds 
========================================================================
Received Import Request.
  Time since last request: 0.000034 seconds.
  path: Assets/model/orianna_base_tx_cm.dds
  artifactKey: Guid(a3b8254f67e4e3c4e82e4be623b4ba3a) Importer(815301076,1909f56bfc062723c751e8b465ee728b)
Start importing Assets/model/orianna_base_tx_cm.dds using Guid(a3b8254f67e4e3c4e82e4be623b4ba3a) Importer(815301076,1909f56bfc062723c751e8b465ee728b)  -> (artifact id: '20f6a1c057996a9cbccb38874a0ce909') in 0.032729 seconds 
========================================================================
Received Import Request.
  Time since last request: 3.004987 seconds.
  path: Assets/Material/blue.mat
  artifactKey: Guid(c2db2ce9257df974c9fd36f4c912227b) Importer(815301076,1909f56bfc062723c751e8b465ee728b)
Start importing Assets/Material/blue.mat using Guid(c2db2ce9257df974c9fd36f4c912227b) Importer(815301076,1909f56bfc062723c751e8b465ee728b)  -> (artifact id: 'c9017845d76eb84be2847f89c8643f22') in 0.013467 seconds 
========================================================================
Received Import Request.
  Time since last request: 0.000025 seconds.
  path: Assets/Material/Red.mat
  artifactKey: Guid(8c0657e39c022a44abf1cdbc07548eff) Importer(815301076,1909f56bfc062723c751e8b465ee728b)
Start importing Assets/Material/Red.mat using Guid(8c0657e39c022a44abf1cdbc07548eff) Importer(815301076,1909f56bfc062723c751e8b465ee728b)  -> (artifact id: 'ff155a1e1d10d434a83eccdc1fa86db4') in 0.016120 seconds 
========================================================================
Received Import Request.
  Time since last request: 0.000029 seconds.
  path: Assets/Material/white.mat
  artifactKey: Guid(539deffe4902ca047a6accc5a9e7cc95) Importer(815301076,1909f56bfc062723c751e8b465ee728b)
Start importing Assets/Material/white.mat using Guid(539deffe4902ca047a6accc5a9e7cc95) Importer(815301076,1909f56bfc062723c751e8b465ee728b)  -> (artifact id: '835b479af8699b85a86181388501933d') in 0.020061 seconds 
